2019-04-10 07:37:272019-04-10 07:15:24<xml><ToUserName><![CDATA[gh_58f350a932b4]]></ToUserName>
<FromUserName><![CDATA[oMdU-1ABC-2YgZmzUTBE7qXLTvbw]]></FromUserName>
<CreateTime>1554880523</CreateTime>
<MsgType><![CDATA[event]]></MsgType>
<Event><![CDATA[subscribe]]></Event>
<EventKey><![CDATA[]]></EventKey>
</xml>

2019-04-10 12:28:12<xml><ToUserName><![CDATA[gh_58f350a932b4]]></ToUserName>
<FromUserName><![CDATA[oMdU-1ABC-2YgZmzUTBE7qXLTvbw]]></FromUserName>
<CreateTime>1554880523</CreateTime>
<MsgType><![CDATA[event]]></MsgType>
<Event><![CDATA[subscribe]]></Event>
<EventKey><![CDATA[]]></EventKey>
</xml>
2019-04-10 13:11:12<xml><ToUserName><![CDATA[gh_58f350a932b4]]></ToUserName>
<FromUserName><![CDATA[oMdU-1ABC-2YgZmzUTBE7qXLTvbw]]></FromUserName>
<CreateTime>1554880523</CreateTime>
<MsgType><![CDATA[event]]></MsgType>
<Event><![CDATA[subscribe]]></Event>
<EventKey><![CDATA[]]></EventKey>
</xml>
2019-04-10 13:20:41<xml><ToUserName><![CDATA[gh_58f350a932b4]]></ToUserName>
<FromUserName><![CDATA[oMdU-1OEBXs_WsHo5eSyhzInTG18]]></FromUserName>
<CreateTime>1554902329</CreateTime>
<MsgType><![CDATA[event]]></MsgType>
<Event><![CDATA[subscribe]]></Event>
<EventKey><![CDATA[]]></EventKey>
</xml>
2019-04-10 13:23:50<xml><ToUserName><![CDATA[gh_58f350a932b4]]></ToUserName>
<FromUserName><![CDATA[oMdU-1OEBXs_WsHo5eSyhzInTG18]]></FromUserName>
<CreateTime>1554902329</CreateTime>
<MsgType><![CDATA[event]]></MsgType>
<Event><![CDATA[subscribe]]></Event>
<EventKey><![CDATA[]]></EventKey>
</xml>
2019-04-10 13:24:10<xml><ToUserName><![CDATA[gh_58f350a932b4]]></ToUserName>
<FromUserName><![CDATA[oMdU-1OEBXs_WsHo5eSyhzInTG18]]></FromUserName>
<CreateTime>1554902329</CreateTime>
<MsgType><![CDATA[event]]></MsgType>
<Event><![CDATA[subscribe]]></Event>
<EventKey><![CDATA[]]></EventKey>
</xml>
2019-04-10 13:24:11<xml><ToUserName><![CDATA[gh_58f350a932b4]]></ToUserName>
<FromUserName><![CDATA[oMdU-1OEBXs_WsHo5eSyhzInTG18]]></FromUserName>
<CreateTime>1554902329</CreateTime>
<MsgType><![CDATA[event]]></MsgType>
<Event><![CDATA[subscribe]]></Event>
<EventKey><![CDATA[]]></EventKey>
</xml>
2019-04-10 13:24:12<xml><ToUserName><![CDATA[gh_58f350a932b4]]></ToUserName>
<FromUserName><![CDATA[oMdU-1OEBXs_WsHo5eSyhzInTG18]]></FromUserName>
<CreateTime>1554902329</CreateTime>
<MsgType><![CDATA[event]]></MsgType>
<Event><![CDATA[subscribe]]></Event>
<EventKey><![CDATA[]]></EventKey>
</xml>
2019-04-10 13:27:22<xml><ToUserName><![CDATA[gh_58f350a932b4]]></ToUserName>
<FromUserName><![CDATA[oMdU-1OEBXs_WsHo5eSyhzInTG18]]></FromUserName>
<CreateTime>1554902329</CreateTime>
<MsgType><![CDATA[event]]></MsgType>
<Event><![CDATA[subscribe]]></Event>
<EventKey><![CDATA[]]></EventKey>
</xml>
2019-04-10 13:27:25<xml><ToUserName><![CDATA[gh_58f350a932b4]]></ToUserName>
<FromUserName><![CDATA[oMdU-1OEBXs_WsHo5eSyhzInTG18]]></FromUserName>
<CreateTime>1554902329</CreateTime>
<MsgType><![CDATA[event]]></MsgType>
<Event><![CDATA[subscribe]]></Event>
<EventKey><![CDATA[]]></EventKey>
</xml>
2019-04-10 13:27:26<xml><ToUserName><![CDATA[gh_58f350a932b4]]></ToUserName>
<FromUserName><![CDATA[oMdU-1OEBXs_WsHo5eSyhzInTG18]]></FromUserName>
<CreateTime>1554902329</CreateTime>
<MsgType><![CDATA[event]]></MsgType>
<Event><![CDATA[subscribe]]></Event>
<EventKey><![CDATA[]]></EventKey>
</xml>
2019-04-10 13:27:46<xml><ToUserName><![CDATA[gh_58f350a932b4]]></ToUserName>
<FromUserName><![CDATA[oMdU-1OEBXs_WsHo5eSyhzInTG18]]></FromUserName>
<CreateTime>1554902329</CreateTime>
<MsgType><![CDATA[event]]></MsgType>
<Event><![CDATA[subscribe]]></Event>
<EventKey><![CDATA[]]></EventKey>
</xml>
2019-04-10 13:28:09<xml><ToUserName><![CDATA[gh_58f350a932b4]]></ToUserName>
<FromUserName><![CDATA[oMdU-1OEBXs_WsHo5eSyhzInTG18]]></FromUserName>
<CreateTime>1554902329</CreateTime>
<MsgType><![CDATA[event]]></MsgType>
<Event><![CDATA[subscribe]]></Event>
<EventKey><![CDATA[]]></EventKey>
</xml>
2019-04-10 13:32:09<xml><ToUserName><![CDATA[gh_58f350a932b4]]></ToUserName>
<FromUserName><![CDATA[oMdU-1OEBXs_WsHo5eSyhzInTG18]]></FromUserName>
<CreateTime>1554902329</CreateTime>
<MsgType><![CDATA[event]]></MsgType>
<Event><![CDATA[subscribe]]></Event>
<EventKey><![CDATA[]]></EventKey>
</xml>
2019-04-10 13:32:15<xml><ToUserName><![CDATA[gh_58f350a932b4]]></ToUserName>
<FromUserName><![CDATA[oMdU-1OEBXs_WsHo5eSyhzInTG18]]></FromUserName>
<CreateTime>1554902329</CreateTime>
<MsgType><![CDATA[event]]></MsgType>
<Event><![CDATA[subscribe]]></Event>
<EventKey><![CDATA[]]></EventKey>
</xml>
2019-04-10 13:33:15<xml><ToUserName><![CDATA[gh_58f350a932b4]]></ToUserName>
<FromUserName><![CDATA[oMdU-1OEBXs_WsHo5eSyhzInTG18]]></FromUserName>
<CreateTime>1554902329</CreateTime>
<MsgType><![CDATA[event]]></MsgType>
<Event><![CDATA[subscribe]]></Event>
<EventKey><![CDATA[]]></EventKey>
</xml>
2019-04-10 13:34:06<xml><ToUserName><![CDATA[gh_58f350a932b4]]></ToUserName>
<FromUserName><![CDATA[oMdU-1OEBXs_WsHo5eSyhzInTG18]]></FromUserName>
<CreateTime>1554902329</CreateTime>
<MsgType><![CDATA[event]]></MsgType>
<Event><![CDATA[subscribe]]></Event>
<EventKey><![CDATA[]]></EventKey>
</xml>
2019-04-10 13:36:48<xml><ToUserName><![CDATA[gh_58f350a932b4]]></ToUserName>
<FromUserName><![CDATA[oMdU-1OEBXs_WsHo5eSyhzInTG18]]></FromUserName>
<CreateTime>1554902329</CreateTime>
<MsgType><![CDATA[event]]></MsgType>
<Event><![CDATA[subscribe]]></Event>
<EventKey><![CDATA[]]></EventKey>
</xml>
2019-04-10 13:38:34<xml><ToUserName><![CDATA[gh_58f350a932b4]]></ToUserName>
<FromUserName><![CDATA[oMdU-1OEBXs_WsHo5eSyhzInTG18]]></FromUserName>
<CreateTime>1554902329</CreateTime>
<MsgType><![CDATA[event]]></MsgType>
<Event><![CDATA[subscribe]]></Event>
<EventKey><![CDATA[]]></EventKey>
</xml>
2019-04-10 13:38:58<xml><ToUserName><![CDATA[gh_58f350a932b4]]></ToUserName>
<FromUserName><![CDATA[oMdU-1OEBXs_WsHo5eSyhzInTG18]]></FromUserName>
<CreateTime>1554902329</CreateTime>
<MsgType><![CDATA[event]]></MsgType>
<Event><![CDATA[subscribe]]></Event>
<EventKey><![CDATA[]]></EventKey>
</xml>
2019-04-10 13:39:09<xml><ToUserName><![CDATA[gh_58f350a932b4]]></ToUserName>
<FromUserName><![CDATA[oMdU-1OEBXs_WsHo5eSyhzInTG18]]></FromUserName>
<CreateTime>1554902329</CreateTime>
<MsgType><![CDATA[event]]></MsgType>
<Event><![CDATA[subscribe]]></Event>
<EventKey><![CDATA[]]></EventKey>
</xml>
2019-04-10 13:41:01<xml><ToUserName><![CDATA[gh_58f350a932b4]]></ToUserName>
<FromUserName><![CDATA[oMdU-1OEBXs_WsHo5eSyhzInTG18]]></FromUserName>
<CreateTime>1554902329</CreateTime>
<MsgType><![CDATA[event]]></MsgType>
<Event><![CDATA[subscribe]]></Event>
<EventKey><![CDATA[]]></EventKey>
</xml>
2019-04-10 13:41:26<xml><ToUserName><![CDATA[gh_58f350a932b4]]></ToUserName>
<FromUserName><![CDATA[oMdU-1OEBXs_WsHo5eSyhzInTG18]]></FromUserName>
<CreateTime>1554902329</CreateTime>
<MsgType><![CDATA[event]]></MsgType>
<Event><![CDATA[subscribe]]></Event>
<EventKey><![CDATA[]]></EventKey>
</xml>
2019-04-10 13:41:28<xml><ToUserName><![CDATA[gh_58f350a932b4]]></ToUserName>
<FromUserName><![CDATA[oMdU-1OEBXs_WsHo5eSyhzInTG18]]></FromUserName>
<CreateTime>1554902329</CreateTime>
<MsgType><![CDATA[event]]></MsgType>
<Event><![CDATA[subscribe]]></Event>
<EventKey><![CDATA[]]></EventKey>
</xml>
2019-04-10 13:41:28<xml><ToUserName><![CDATA[gh_58f350a932b4]]></ToUserName>
<FromUserName><![CDATA[oMdU-1OEBXs_WsHo5eSyhzInTG18]]></FromUserName>
<CreateTime>1554902329</CreateTime>
<MsgType><![CDATA[event]]></MsgType>
<Event><![CDATA[subscribe]]></Event>
<EventKey><![CDATA[]]></EventKey>
</xml>
2019-04-10 13:41:58<xml><ToUserName><![CDATA[gh_58f350a932b4]]></ToUserName>
<FromUserName><![CDATA[oMdU-1OEBXs_WsHo5eSyhzInTG18]]></FromUserName>
<CreateTime>1554902329</CreateTime>
<MsgType><![CDATA[event]]></MsgType>
<Event><![CDATA[subscribe]]></Event>
<EventKey><![CDATA[]]></EventKey>
</xml>
2019-04-10 13:48:35<xml><ToUserName><![CDATA[gh_58f350a932b4]]></ToUserName>
<FromUserName><![CDATA[oMdU-1OEBXs_WsHo5eSyhzInTG18]]></FromUserName>
<CreateTime>1554902329</CreateTime>
<MsgType><![CDATA[event]]></MsgType>
<Event><![CDATA[subscribe]]></Event>
<EventKey><![CDATA[]]></EventKey>
</xml>
2019-04-10 13:48:51<xml><ToUserName><![CDATA[gh_58f350a932b4]]></ToUserName>
<FromUserName><![CDATA[oMdU-1OEBXs_WsHo5eSyhzInTG18]]></FromUserName>
<CreateTime>1554902329</CreateTime>
<MsgType><![CDATA[event]]></MsgType>
<Event><![CDATA[subscribe]]></Event>
<EventKey><![CDATA[]]></EventKey>
</xml>
2019-04-10 13:49:22<xml><ToUserName><![CDATA[gh_58f350a932b4]]></ToUserName>
<FromUserName><![CDATA[oMdU-1OEBXs_WsHo5eSyhzInTG18]]></FromUserName>
<CreateTime>1554902329</CreateTime>
<MsgType><![CDATA[event]]></MsgType>
<Event><![CDATA[subscribe]]></Event>
<EventKey><![CDATA[]]></EventKey>
</xml>
2019-04-10 13:50:46<xml><ToUserName><![CDATA[gh_58f350a932b4]]></ToUserName>
<FromUserName><![CDATA[oMdU-1OEBXs_WsHo5eSyhzInTG18]]></FromUserName>
<CreateTime>1554902329</CreateTime>
<MsgType><![CDATA[event]]></MsgType>
<Event><![CDATA[subscribe]]></Event>
<EventKey><![CDATA[]]></EventKey>
</xml>
2019-04-10 13:51:08<xml><ToUserName><![CDATA[gh_58f350a932b4]]></ToUserName>
<FromUserName><![CDATA[oMdU-1OEBXs_WsHo5eSyhzInTG18]]></FromUserName>
<CreateTime>1554902329</CreateTime>
<MsgType><![CDATA[event]]></MsgType>
<Event><![CDATA[subscribe]]></Event>
<EventKey><![CDATA[]]></EventKey>
</xml>
2019-04-10 13:51:37<xml><ToUserName><![CDATA[gh_58f350a932b4]]></ToUserName>
<FromUserName><![CDATA[oMdU-1OEBXs_WsHo5eSyhzInTG18]]></FromUserName>
<CreateTime>1554902329</CreateTime>
<MsgType><![CDATA[event]]></MsgType>
<Event><![CDATA[subscribe]]></Event>
<EventKey><![CDATA[]]></EventKey>
</xml>
2019-04-10 13:52:22<xml><ToUserName><![CDATA[gh_58f350a932b4]]></ToUserName>
<FromUserName><![CDATA[oMdU-1OEBXs_WsHo5eSyhzInTG18]]></FromUserName>
<CreateTime>1554902329</CreateTime>
<MsgType><![CDATA[event]]></MsgType>
<Event><![CDATA[subscribe]]></Event>
<EventKey><![CDATA[]]></EventKey>
</xml>
2019-04-10 13:52:58<xml><ToUserName><![CDATA[gh_58f350a932b4]]></ToUserName>
<FromUserName><![CDATA[oMdU-1OEBXs_WsHo5eSyhzInTG18]]></FromUserName>
<CreateTime>1554902329</CreateTime>
<MsgType><![CDATA[event]]></MsgType>
<Event><![CDATA[subscribe]]></Event>
<EventKey><![CDATA[]]></EventKey>
</xml>
2019-04-10 13:54:42<xml><ToUserName><![CDATA[gh_58f350a932b4]]></ToUserName>
<FromUserName><![CDATA[oMdU-1OEBXs_WsHo5eSyhzInTG18]]></FromUserName>
<CreateTime>1554902329</CreateTime>
<MsgType><![CDATA[event]]></MsgType>
<Event><![CDATA[subscribe]]></Event>
<EventKey><![CDATA[]]></EventKey>
</xml>
2019-04-10 13:55:18<xml><ToUserName><![CDATA[gh_58f350a932b4]]></ToUserName>
<FromUserName><![CDATA[oMdU-1OEBXs_WsHo5eSyhzInTG18]]></FromUserName>
<CreateTime>1554902329</CreateTime>
<MsgType><![CDATA[event]]></MsgType>
<Event><![CDATA[subscribe]]></Event>
<EventKey><![CDATA[]]></EventKey>
</xml>
2019-04-10 13:56:13<xml><ToUserName><![CDATA[gh_58f350a932b4]]></ToUserName>
<FromUserName><![CDATA[oMdU-1OEBXs_WsHo5eSyhzInTG18]]></FromUserName>
<CreateTime>1554902329</CreateTime>
<MsgType><![CDATA[event]]></MsgType>
<Event><![CDATA[subscribe]]></Event>
<EventKey><![CDATA[]]></EventKey>
</xml>
2019-04-10 13:57:00<xml><ToUserName><![CDATA[gh_58f350a932b4]]></ToUserName>
<FromUserName><![CDATA[oMdU-1OEBXs_WsHo5eSyhzInTG18]]></FromUserName>
<CreateTime>1554902329</CreateTime>
<MsgType><![CDATA[event]]></MsgType>
<Event><![CDATA[subscribe]]></Event>
<EventKey><![CDATA[]]></EventKey>
</xml>
2019-04-10 13:57:29<xml><ToUserName><![CDATA[gh_58f350a932b4]]></ToUserName>
<FromUserName><![CDATA[oMdU-1OEBXs_WsHo5eSyhzInTG18]]></FromUserName>
<CreateTime>1554902329</CreateTime>
<MsgType><![CDATA[event]]></MsgType>
<Event><![CDATA[subscribe]]></Event>
<EventKey><![CDATA[]]></EventKey>
</xml>
2019-04-10 13:58:12<xml><ToUserName><![CDATA[gh_58f350a932b4]]></ToUserName>
<FromUserName><![CDATA[oMdU-1OEBXs_WsHo5eSyhzInTG18]]></FromUserName>
<CreateTime>1554902329</CreateTime>
<MsgType><![CDATA[event]]></MsgType>
<Event><![CDATA[subscribe]]></Event>
<EventKey><![CDATA[]]></EventKey>
</xml>
2019-04-10 13:58:44<xml><ToUserName><![CDATA[gh_58f350a932b4]]></ToUserName>
<FromUserName><![CDATA[oMdU-1OEBXs_WsHo5eSyhzInTG18]]></FromUserName>
<CreateTime>1554902329</CreateTime>
<MsgType><![CDATA[event]]></MsgType>
<Event><![CDATA[subscribe]]></Event>
<EventKey><![CDATA[]]></EventKey>
</xml>
2019-04-10 13:59:42<xml><ToUserName><![CDATA[gh_58f350a932b4]]></ToUserName>
<FromUserName><![CDATA[oMdU-1OEBXs_WsHo5eSyhzInTG18]]></FromUserName>
<CreateTime>1554902329</CreateTime>
<MsgType><![CDATA[event]]></MsgType>
<Event><![CDATA[subscribe]]></Event>
<EventKey><![CDATA[]]></EventKey>
</xml>
